0 info it worked if it ends with ok
1 verbose cli [ 'node', '/usr/local/bin/npm', 'install' ]
2 info using npm@2.0.2
3 info using node@v0.10.32
4 verbose node symlink /usr/local/bin/node
5 warn package.json d3viz@0.0.1 No repository field.
6 verbose readDependencies using package.json deps
7 verbose install where, deps [ '/Users/tnewton/Desktop/d3seed',
7 verbose install   [ 'karma',
7 verbose install     'karma-chrome-launcher',
7 verbose install     'karma-jasmine',
7 verbose install     'http-server',
7 verbose install     'uglifyjs' ] ]
8 info preinstall d3viz@0.0.1
9 verbose readDependencies using package.json deps
10 verbose already installed skipping http-server@~0.7.1 /Users/tnewton/Desktop/d3seed
11 verbose cache add [ 'uglifyjs@~1.3.5', null ]
12 verbose cache add spec="uglifyjs@~1.3.5" args=["uglifyjs@~1.3.5",null]
13 verbose parsed spec { raw: 'uglifyjs@~1.3.5',
13 verbose parsed spec   scope: null,
13 verbose parsed spec   name: 'uglifyjs',
13 verbose parsed spec   rawSpec: '~1.3.5',
13 verbose parsed spec   spec: '>=1.3.5 <1.4.0',
13 verbose parsed spec   type: 'range' }
14 verbose already installed skipping karma@~0.12.16 /Users/tnewton/Desktop/d3seed
15 verbose already installed skipping karma-chrome-launcher@~0.1.4 /Users/tnewton/Desktop/d3seed
16 verbose parsed spec { raw: 'uglifyjs@~1.3.5',
16 verbose parsed spec   scope: null,
16 verbose parsed spec   name: 'uglifyjs',
16 verbose parsed spec   rawSpec: '~1.3.5',
16 verbose parsed spec   spec: '>=1.3.5 <1.4.0',
16 verbose parsed spec   type: 'range' }
17 verbose addNamed [ 'uglifyjs', '>=1.3.5 <1.4.0' ]
18 verbose addNamed [ null, '>=1.3.5 <1.4.0' ]
19 silly lockFile 3e3cfa72-uglifyjs-1-3-5-1-4-0 uglifyjs@>=1.3.5 <1.4.0
20 verbose lock uglifyjs@>=1.3.5 <1.4.0 /Users/tnewton/.npm/3e3cfa72-uglifyjs-1-3-5-1-4-0.lock
21 verbose already installed skipping karma-jasmine@~0.1.5 /Users/tnewton/Desktop/d3seed
22 silly addNameRange { name: 'uglifyjs', range: '>=1.3.5 <1.4.0', hasData: false }
23 verbose mapToRegistry name uglifyjs
24 verbose mapToRegistry uri https://registry.npmjs.org/uglifyjs
25 verbose request on initialization, where is /uglifyjs
26 verbose request after pass 1, where is /uglifyjs
27 verbose request url raw /uglifyjs
28 verbose request resolving registry [ 'https://registry.npmjs.org/', './uglifyjs' ]
29 verbose request after pass 2, where is https://registry.npmjs.org/uglifyjs
30 verbose request no auth needed
31 info attempt registry request try #1 at 21:47:46
32 verbose request id 41b2e65e25236080
33 http request GET https://registry.npmjs.org/uglifyjs
34 http 200 https://registry.npmjs.org/uglifyjs
35 silly registry.get cb [ 200,
35 silly registry.get   { date: 'Tue, 07 Oct 2014 01:47:46 GMT',
35 silly registry.get     server: 'CouchDB/1.5.0 (Erlang OTP/R16B03)',
35 silly registry.get     etag: '"C4C63OIIEEQZLKXRNPXQPAYGW"',
35 silly registry.get     'content-type': 'application/json',
35 silly registry.get     'cache-control': 'max-age=60',
35 silly registry.get     'content-length': '56491',
35 silly registry.get     'accept-ranges': 'bytes',
35 silly registry.get     via: '1.1 varnish',
35 silly registry.get     age: '949',
35 silly registry.get     'x-served-by': 'cache-iad2134-IAD',
35 silly registry.get     'x-cache': 'HIT',
35 silly registry.get     'x-cache-hits': '1',
35 silly registry.get     'x-timer': 'S1412646466.610169,VS0,VE348',
35 silly registry.get     vary: 'Accept',
35 silly registry.get     'keep-alive': 'timeout=10, max=50',
35 silly registry.get     connection: 'Keep-Alive' } ]
36 silly addNameRange number 2 { name: 'uglifyjs', range: '>=1.3.5 <1.4.0', hasData: true }
37 silly addNameRange versions [ 'uglifyjs', [ '2.3.6' ] ]
38 silly lockFile 3e3cfa72-uglifyjs-1-3-5-1-4-0 uglifyjs@>=1.3.5 <1.4.0
39 silly lockFile 3e3cfa72-uglifyjs-1-3-5-1-4-0 uglifyjs@>=1.3.5 <1.4.0
40 verbose stack Error: No compatible version found: uglifyjs@'>=1.3.5 <1.4.0'
40 verbose stack Valid install targets:
40 verbose stack ["2.3.6"]
40 verbose stack
40 verbose stack     at installTargetsError (/usr/local/lib/node_modules/npm/lib/cache/add-named.js:258:12)
40 verbose stack     at next (/usr/local/lib/node_modules/npm/lib/cache/add-named.js:237:17)
40 verbose stack     at setData (/usr/local/lib/node_modules/npm/lib/cache/add-named.js:214:5)
40 verbose stack     at saved (/usr/local/lib/node_modules/npm/node_modules/npm-registry-client/lib/get.js:167:7)
40 verbose stack     at Object.oncomplete (fs.js:107:15)
41 verbose cwd /Users/tnewton/Desktop/d3seed
42 error Darwin 13.4.0
43 error argv "node" "/usr/local/bin/npm" "install"
44 error node v0.10.32
45 error npm  v2.0.2
46 error code ETARGET
47 error notarget No compatible version found: uglifyjs@'>=1.3.5 <1.4.0'
47 error notarget Valid install targets:
47 error notarget ["2.3.6"]
47 error notarget
47 error notarget This is most likely not a problem with npm itself.
47 error notarget In most cases you or one of your dependencies are requesting
47 error notarget a package version that doesn't exist.
48 verbose exit [ 1, true ]
